[Fri Nov 11 01:43:44 MST 2022] - INFO passoff.ServerTest: 	Setting up Realistic Fill Birth Test...
[Fri Nov 11 01:43:44 MST 2022] - INFO client.Proxy: 	Clear called
[Fri Nov 11 01:43:44 MST 2022] - INFO client.Client: 	Post without Request Body called
[Fri Nov 11 01:43:44 MST 2022] - INFO client.Client: 	Attempting to open connection to server
[Fri Nov 11 01:43:44 MST 2022] - INFO client.Client: 	Connection opened to server
[Fri Nov 11 01:43:44 MST 2022] - INFO client.Client: 	Setting passoffrequest method to POST
[Fri Nov 11 01:43:44 MST 2022] - INFO client.Client: 	Request method set to POST
[Fri Nov 11 01:43:44 MST 2022] - INFO client.Client: 	Setting Do Output to true
[Fri Nov 11 01:43:44 MST 2022] - INFO client.Client: 	Do Output set to true
[Fri Nov 11 01:43:44 MST 2022] - INFO client.Client: 	Connecting to server
[Fri Nov 11 01:43:44 MST 2022] - INFO client.Client: 	Connected to server
[Fri Nov 11 01:43:44 MST 2022] - INFO client.Client: 	Getting response code from server
[Fri Nov 11 01:43:44 MST 2022] - INFO client.Client: 	Response code 200 returned
[Fri Nov 11 01:43:44 MST 2022] - INFO client.Client: 	Getting input stream from server
[Fri Nov 11 01:43:44 MST 2022] - INFO client.Client: 	Reading input stream into a string
[Fri Nov 11 01:43:44 MST 2022] - INFO passoff.ServerTest: 	Running Realistic Fill Birth Test...
[Fri Nov 11 01:43:44 MST 2022] - INFO client.Proxy: 	Register called
[Fri Nov 11 01:43:44 MST 2022] - INFO client.Client: 	Post with Request Body called
[Fri Nov 11 01:43:44 MST 2022] - INFO client.Client: 	Attempting to open connection to server
[Fri Nov 11 01:43:44 MST 2022] - INFO client.Client: 	Connection opened to server
[Fri Nov 11 01:43:44 MST 2022] - INFO client.Client: 	Setting passoffrequest method to POST
[Fri Nov 11 01:43:44 MST 2022] - INFO client.Client: 	Request method set to POST
[Fri Nov 11 01:43:44 MST 2022] - INFO client.Client: 	Setting Do Output to true
[Fri Nov 11 01:43:44 MST 2022] - INFO client.Client: 	Do Output set to true
[Fri Nov 11 01:43:44 MST 2022] - INFO client.Client: 	Connecting to server
[Fri Nov 11 01:43:44 MST 2022] - INFO client.Client: 	Connected to server
[Fri Nov 11 01:43:44 MST 2022] - INFO client.Client: 	Opening output stream to server
[Fri Nov 11 01:43:44 MST 2022] - INFO client.Client: 	Writing passoffrequest to server output stream
[Fri Nov 11 01:43:44 MST 2022] - INFO client.Client: 	Request written to server output stream
[Fri Nov 11 01:43:44 MST 2022] - INFO client.Client: 	Closing output stream to server
[Fri Nov 11 01:43:44 MST 2022] - INFO client.Client: 	Output stream to server closed
[Fri Nov 11 01:43:44 MST 2022] - INFO client.Client: 	Getting response code from server
[Fri Nov 11 01:43:44 MST 2022] - INFO client.Client: 	Response code 200 returned
[Fri Nov 11 01:43:44 MST 2022] - INFO client.Client: 	Getting input stream from server
[Fri Nov 11 01:43:44 MST 2022] - INFO client.Client: 	Reading input stream into a string
[Fri Nov 11 01:43:44 MST 2022] - INFO client.Proxy: 	Persons called
[Fri Nov 11 01:43:44 MST 2022] - INFO client.Client: 	Get with Auth Token called
[Fri Nov 11 01:43:44 MST 2022] - INFO client.Client: 	Attempting to open connection to server
[Fri Nov 11 01:43:44 MST 2022] - INFO client.Client: 	Connection opened to server
[Fri Nov 11 01:43:44 MST 2022] - INFO client.Client: 	Setting passoffrequest method to GET
[Fri Nov 11 01:43:44 MST 2022] - INFO client.Client: 	Request method set to GET
[Fri Nov 11 01:43:44 MST 2022] - INFO client.Client: 	Setting Do Output to false
[Fri Nov 11 01:43:44 MST 2022] - INFO client.Client: 	Do Output set to false
[Fri Nov 11 01:43:44 MST 2022] - INFO client.Client: 	Adding Auth token a6002439-1b07-44eb-b578-2e8ae13e0c6c
[Fri Nov 11 01:43:44 MST 2022] - INFO client.Client: 	Auth token set to a6002439-1b07-44eb-b578-2e8ae13e0c6c
[Fri Nov 11 01:43:44 MST 2022] - INFO client.Client: 	Connecting to server
[Fri Nov 11 01:43:44 MST 2022] - INFO client.Client: 	Connected to server
[Fri Nov 11 01:43:44 MST 2022] - INFO client.Client: 	Getting response code from server
[Fri Nov 11 01:43:44 MST 2022] - INFO client.Client: 	Response code 400 returned
[Fri Nov 11 01:43:44 MST 2022] - INFO client.Client: 	Getting input stream from server
[Fri Nov 11 01:43:44 MST 2022] - INFO client.Client: 	Reading input stream into a string
[Fri Nov 11 01:43:44 MST 2022] - INFO client.Proxy: 	Events called
[Fri Nov 11 01:43:44 MST 2022] - INFO client.Client: 	Get with Auth Token called
[Fri Nov 11 01:43:44 MST 2022] - INFO client.Client: 	Attempting to open connection to server
[Fri Nov 11 01:43:44 MST 2022] - INFO client.Client: 	Connection opened to server
[Fri Nov 11 01:43:44 MST 2022] - INFO client.Client: 	Setting passoffrequest method to GET
[Fri Nov 11 01:43:44 MST 2022] - INFO client.Client: 	Request method set to GET
[Fri Nov 11 01:43:44 MST 2022] - INFO client.Client: 	Setting Do Output to false
[Fri Nov 11 01:43:44 MST 2022] - INFO client.Client: 	Do Output set to false
[Fri Nov 11 01:43:44 MST 2022] - INFO client.Client: 	Adding Auth token a6002439-1b07-44eb-b578-2e8ae13e0c6c
[Fri Nov 11 01:43:44 MST 2022] - INFO client.Client: 	Auth token set to a6002439-1b07-44eb-b578-2e8ae13e0c6c
[Fri Nov 11 01:43:44 MST 2022] - INFO client.Client: 	Connecting to server
[Fri Nov 11 01:43:44 MST 2022] - INFO client.Client: 	Connected to server
[Fri Nov 11 01:43:44 MST 2022] - INFO client.Client: 	Getting response code from server
[Fri Nov 11 01:43:44 MST 2022] - INFO client.Client: 	Response code 400 returned
[Fri Nov 11 01:43:44 MST 2022] - INFO client.Client: 	Getting input stream from server
[Fri Nov 11 01:43:44 MST 2022] - INFO client.Client: 	Reading input stream into a string
